<?xml version="1.0" encoding="UTF-8"?>
<testng-results ignored="0" total="2" passed="2" failed="0" skipped="0">
  <reporter-output>
  </reporter-output>
  <suite started-at="2025-02-24T11:32:46 IST" name="Suite" finished-at="2025-02-24T11:33:23 IST" duration-ms="36654">
    <groups>
      <group name="Master">
        <method signature="TC001_AccountRegistrationTest.verify_account_registration()[pri:0, instance:testCases.TC001_AccountRegistrationTest@31d7b7bf]" name="verify_account_registration" class="testCases.TC001_AccountRegistrationTest"/>
        <method signature="TC002_LoginTest.LogintoOpencartTest()[pri:0, instance:testCases.TC002_LoginTest@50a638b5]" name="LogintoOpencartTest" class="testCases.TC002_LoginTest"/>
      </group> <!-- Master -->
      <group name="Sanity">
        <method signature="TC001_AccountRegistrationTest.verify_account_registration()[pri:0, instance:testCases.TC001_AccountRegistrationTest@31d7b7bf]" name="verify_account_registration" class="testCases.TC001_AccountRegistrationTest"/>
        <method signature="TC002_LoginTest.LogintoOpencartTest()[pri:0, instance:testCases.TC002_LoginTest@50a638b5]" name="LogintoOpencartTest" class="testCases.TC002_LoginTest"/>
      </group> <!-- Sanity -->
      <group name="Regression">
        <method signature="TC001_AccountRegistrationTest.verify_account_registration()[pri:0, instance:testCases.TC001_AccountRegistrationTest@31d7b7bf]" name="verify_account_registration" class="testCases.TC001_AccountRegistrationTest"/>
      </group> <!-- Regression -->
    </groups>
    <test started-at="2025-02-24T11:32:46 IST" name="Test" finished-at="2025-02-24T11:33:23 IST" duration-ms="36654">
      <class name="testCases.TC002_LoginTest">
        <test-method is-config="true" signature="setUp(java.lang.String)[pri:0, instance:testCases.TC002_LoginTest@50a638b5]" started-at="2025-02-24T11:33:17 IST" name="setUp" finished-at="2025-02-24T11:33:21 IST" duration-ms="3305" status="PASS">
          <params>
            <param index="0">
              <value>
                <![CDATA[chrome]]>
              </value>
            </param>
          </params>
          <reporter-output>
          </reporter-output>
        </test-method> <!-- setUp -->
        <test-method signature="LogintoOpencartTest()[pri:0, instance:testCases.TC002_LoginTest@50a638b5]" started-at="2025-02-24T11:33:21 IST" name="LogintoOpencartTest" finished-at="2025-02-24T11:33:23 IST" duration-ms="2024" status="PASS">
          <reporter-output>
          </reporter-output>
        </test-method> <!-- LogintoOpencartTest -->
        <test-method is-config="true" signature="tearDown()[pri:0, instance:testCases.TC002_LoginTest@50a638b5]" started-at="2025-02-24T11:33:23 IST" name="tearDown" finished-at="2025-02-24T11:33:23 IST" duration-ms="304" status="PASS">
          <reporter-output>
          </reporter-output>
        </test-method> <!-- tearDown -->
      </class> <!-- testCases.TC002_LoginTest -->
      <class name="testCases.TC001_AccountRegistrationTest">
        <test-method is-config="true" signature="setUp(java.lang.String)[pri:0, instance:testCases.TC001_AccountRegistrationTest@31d7b7bf]" started-at="2025-02-24T11:32:47 IST" name="setUp" finished-at="2025-02-24T11:32:52 IST" duration-ms="5240" status="PASS">
          <params>
            <param index="0">
              <value>
                <![CDATA[chrome]]>
              </value>
            </param>
          </params>
          <reporter-output>
          </reporter-output>
        </test-method> <!-- setUp -->
        <test-method signature="verify_account_registration()[pri:0, instance:testCases.TC001_AccountRegistrationTest@31d7b7bf]" started-at="2025-02-24T11:32:52 IST" name="verify_account_registration" finished-at="2025-02-24T11:33:15 IST" duration-ms="22877" status="PASS">
          <reporter-output>
          </reporter-output>
        </test-method> <!-- verify_account_registration -->
        <test-method is-config="true" signature="tearDown()[pri:0, instance:testCases.TC001_AccountRegistrationTest@31d7b7bf]" started-at="2025-02-24T11:33:15 IST" name="tearDown" finished-at="2025-02-24T11:33:17 IST" duration-ms="2402" status="PASS">
          <reporter-output>
          </reporter-output>
        </test-method> <!-- tearDown -->
      </class> <!-- testCases.TC001_AccountRegistrationTest -->
    </test> <!-- Test -->
  </suite> <!-- Suite -->
</testng-results>
