<?xml version="1.0" encoding="UTF-8"?>
<testsuite xmlns:xsi="http://www.w3.org/2001/XMLSchema-instance" xsi:noNamespaceSchemaLocation="https://maven.apache.org/surefire/maven-surefire-plugin/xsd/surefire-test-report.xsd" version="3.0.2" name="TestSuite" time="38.524" tests="2" errors="0" skipped="0" failures="0">
  <properties>
[...]
</properties>
  <testcase name="verify_account_registration" classname="testCases.TC001_AccountRegistrationTest" time="22.907">
    <system-out><![CDATA[2025-02-24T06:02:47.963787700Z main INFO Starting configuration XmlConfiguration[location=C:\Users\saikiran\Downloads\Opencart\target\test-classes\log4j2.xml, lastModified=2025-02-24T05:05:14.222Z]...
2025-02-24T06:02:47.973786500Z main INFO Start watching for changes to C:\Users\saikiran\Downloads\Opencart\target\test-classes\log4j2.xml every 0 seconds
2025-02-24T06:02:47.973786500Z main INFO Configuration XmlConfiguration[location=C:\Users\saikiran\Downloads\Opencart\target\test-classes\log4j2.xml, lastModified=2025-02-24T05:05:14.222Z] started.
2025-02-24T06:02:47.973786500Z main INFO Stopping configuration org.apache.logging.log4j.core.config.DefaultConfiguration@6127a7e...
2025-02-24T06:02:47.973786500Z main INFO Configuration org.apache.logging.log4j.core.config.DefaultConfiguration@6127a7e stopped.
]]></system-out>
    <system-err><![CDATA[Feb 24, 2025 11:32:50 AM org.openqa.selenium.devtools.CdpVersionFinder findNearestMatch
WARNING: Unable to find an exact match for CDP version 133, returning the closest version; found: 132; Please update to a Selenium version that supports CDP version 133
]]></system-err>
  </testcase>
  <testcase name="LogintoOpencartTest" classname="testCases.TC002_LoginTest" time="2.026">
    <system-err><![CDATA[Feb 24, 2025 11:33:19 AM org.openqa.selenium.devtools.CdpVersionFinder findNearestMatch
WARNING: Unable to find an exact match for CDP version 133, returning the closest version; found: 132; Please update to a Selenium version that supports CDP version 133
]]></system-err>
  </testcase>
</testsuite>